This file contains any messages produced by compilers while
running configure, to aid debugging if configure makes a mistake.

It was created by configure, which was
generated by GNU Autoconf 2.59.  Invocation command line was

  $ ./configure --prefix=/usr --with-gzip --with-x --with-freetype2-includes=/usr/include/freetype2 --sysconfdir=/etc/xpdf --enable-freetype2 --with-t1-includes=/usr/include

## --------- ##
## Platform. ##
## --------- ##

hostname = noddy
uname -m = x86_64
uname -r = 2.6.14-1-amd64-k8-smp
uname -s = Linux
uname -v = #1 SMP Wed Nov 2 20:53:55 CET 2005

/usr/bin/uname -p = unknown
/bin/uname -X     = unknown

/bin/arch              = x86_64
/usr/bin/arch -k       = unknown
/usr/convex/getsysinfo = unknown
hostinfo               = unknown
/bin/machine           = unknown
/usr/bin/oslevel       = unknown
/bin/universe          = unknown

PATH: /usr/sbin
PATH: /usr/bin
PATH: /sbin
PATH: /bin
PATH: /usr/bin/X11


## ----------- ##
## Core tests. ##
## ----------- ##

configure:1477: checking for gcc
configure:1493: found /usr/bin/gcc
configure:1503: result: gcc
configure:1747: checking for C compiler version
configure:1750: gcc --version </dev/null >&5
gcc (GCC) 4.0.3 20051201 (prerelease) (Debian 4.0.2-5)
Copyright (C) 2005 Free Software Foundation, Inc.
This is free software; see the source for copying conditions.  There is NO
warranty; not even for MERCHANTABILITY or FITNESS FOR A PARTICULAR PURPOSE.

configure:1753: $? = 0
configure:1755: gcc -v </dev/null >&5
Using built-in specs.
Target: x86_64-linux-gnu
Configured with: ../src/configure -v --enable-languages=c,c++,java,f95,objc,ada,treelang --prefix=/usr --enable-shared --with-system-zlib --libexecdir=/usr/lib --without-included-gettext --enable-threads=posix --enable-nls --program-suffix=-4.0 --enable-__cxa_atexit --enable-clocale=gnu --enable-libstdcxx-debug --enable-java-awt=gtk --enable-gtk-cairo --with-java-home=/usr/lib/jvm/java-1.4.2-gcj-4.0-1.4.2.0/jre --enable-mpfr --disable-werror --enable-checking=release x86_64-linux-gnu
Thread model: posix
gcc version 4.0.3 20051201 (prerelease) (Debian 4.0.2-5)
configure:1758: $? = 0
configure:1760: gcc -V </dev/null >&5
gcc: '-V' option must have argument
configure:1763: $? = 1
configure:1786: checking for C compiler default output file name
configure:1789: gcc    conftest.c  >&5
configure:1792: $? = 0
configure:1838: result: a.out
configure:1843: checking whether the C compiler works
configure:1849: ./a.out
configure:1852: $? = 0
configure:1869: result: yes
configure:1876: checking whether we are cross compiling
configure:1878: result: no
configure:1881: checking for suffix of executables
configure:1883: gcc -o conftest    conftest.c  >&5
configure:1886: $? = 0
configure:1911: result: 
configure:1917: checking for suffix of object files
configure:1938: gcc -c   conftest.c >&5
configure:1941: $? = 0
configure:1963: result: o
configure:1967: checking whether we are using the GNU C compiler
configure:1991: gcc -c   conftest.c >&5
configure:1997: $? = 0
configure:2000: test -z 			 || test ! -s conftest.err
configure:2003: $? = 0
configure:2006: test -s conftest.o
configure:2009: $? = 0
configure:2022: result: yes
configure:2028: checking whether gcc accepts -g
configure:2049: gcc -c -g  conftest.c >&5
configure:2055: $? = 0
configure:2058: test -z 			 || test ! -s conftest.err
configure:2061: $? = 0
configure:2064: test -s conftest.o
configure:2067: $? = 0
configure:2078: result: yes
configure:2095: checking for gcc option to accept ANSI C
configure:2165: gcc  -c -g -O2  conftest.c >&5
configure:2171: $? = 0
configure:2174: test -z 			 || test ! -s conftest.err
configure:2177: $? = 0
configure:2180: test -s conftest.o
configure:2183: $? = 0
configure:2201: result: none needed
configure:2219: gcc -c -g -O2  conftest.c >&5
conftest.c:2: error: syntax error before 'me'
configure:2225: $? = 1
configure: failed program was:
| #ifndef __cplusplus
|   choke me
| #endif
configure:2356: checking for library containing strerror
configure:2386: gcc -o conftest -g -O2   conftest.c  >&5
configure:2392: $? = 0
configure:2395: test -z 			 || test ! -s conftest.err
configure:2398: $? = 0
configure:2401: test -s conftest
configure:2404: $? = 0
configure:2473: result: none required
configure:2536: checking for g++
configure:2552: found /usr/bin/g++
configure:2562: result: g++

## ---------------- ##
## Cache variables. ##
## ---------------- ##

ac_cv_c_compiler_gnu=yes
ac_cv_env_CC_set=
ac_cv_env_CC_value=
ac_cv_env_CFLAGS_set=
ac_cv_env_CFLAGS_value=
ac_cv_env_CPPFLAGS_set=
ac_cv_env_CPPFLAGS_value=
ac_cv_env_CPP_set=
ac_cv_env_CPP_value=
ac_cv_env_CXXFLAGS_set=
ac_cv_env_CXXFLAGS_value=
ac_cv_env_CXX_set=
ac_cv_env_CXX_value=
ac_cv_env_LDFLAGS_set=
ac_cv_env_LDFLAGS_value=
ac_cv_env_PKG_CONFIG_set=
ac_cv_env_PKG_CONFIG_value=
ac_cv_env_build_alias_set=
ac_cv_env_build_alias_value=
ac_cv_env_freetype2_CFLAGS_set=
ac_cv_env_freetype2_CFLAGS_value=
ac_cv_env_freetype2_LIBS_set=
ac_cv_env_freetype2_LIBS_value=
ac_cv_env_host_alias_set=
ac_cv_env_host_alias_value=
ac_cv_env_target_alias_set=
ac_cv_env_target_alias_value=
ac_cv_exeext=
ac_cv_objext=o
ac_cv_prog_ac_ct_CC=gcc
ac_cv_prog_ac_ct_CXX=g++
ac_cv_prog_cc_g=yes
ac_cv_prog_cc_stdc=
ac_cv_search_strerror='none required'

## ----------------- ##
## Output variables. ##
## ----------------- ##

AR=''
CC='gcc'
CFLAGS='-g -O2'
CPP=''
CPPFLAGS=''
CXX=''
CXXFLAGS=''
DEFS=''
ECHO_C=''
ECHO_N='-n'
ECHO_T=''
EGREP=''
EXE=''
EXEEXT=''
INSTALL_DATA=''
INSTALL_PROGRAM=''
INSTALL_SCRIPT=''
LDFLAGS=''
LIBOBJS=''
LIBPREFIX=''
LIBS=''
LTLIBOBJS=''
OBJEXT='o'
PACKAGE_BUGREPORT=''
PACKAGE_NAME=''
PACKAGE_STRING=''
PACKAGE_TARNAME=''
PACKAGE_VERSION=''
PATH_SEPARATOR=':'
PKG_CONFIG=''
RANLIB=''
SHELL='/bin/sh'
Sgm_CFLAGS=''
Sgm_LIBS=''
UP_DIR=''
X=''
XPDF_TARGET=''
X_CFLAGS=''
X_EXTRA_LIBS=''
X_LIBS=''
X_PRE_LIBS=''
Xext_CFLAGS=''
Xext_LIBS=''
Xm_CFLAGS=''
Xm_LIBS=''
Xp_CFLAGS=''
Xp_LIBS=''
Xpm_CFLAGS=''
Xpm_LIBS=''
Xt_CFLAGS=''
Xt_LIBS=''
ac_ct_CC='gcc'
ac_ct_CXX='g++'
ac_ct_RANLIB=''
ac_pt_PKG_CONFIG=''
bindir='${exec_prefix}/bin'
build_alias=''
datadir='${prefix}/share'
exec_prefix='NONE'
freetype2_CFLAGS=''
freetype2_LIBS=''
host_alias=''
includedir='${prefix}/include'
infodir='${prefix}/info'
libdir='${exec_prefix}/lib'
libexecdir='${exec_prefix}/libexec'
libpaper_CFLAGS=''
libpaper_LIBS=''
localstatedir='${prefix}/var'
mandir='${prefix}/man'
oldincludedir='/usr/include'
prefix='/usr'
program_transform_name='s,x,x,'
sbindir='${exec_prefix}/sbin'
sharedstatedir='${prefix}/com'
sysconfdir='/etc/xpdf'
t1_CFLAGS=''
t1_LIBS=''
target_alias=''

## ----------- ##
## confdefs.h. ##
## ----------- ##

#define PACKAGE_BUGREPORT ""
#define PACKAGE_NAME ""
#define PACKAGE_STRING ""
#define PACKAGE_TARNAME ""
#define PACKAGE_VERSION ""
#define SYSTEM_XPDFRC "/etc/xpdf/xpdfrc"

configure: caught signal 2
configure: exit 1
